2024-03-15 20:03:09.646 | INFO     | preprocess:<module>:21 - Flight data loaded
2024-03-15 20:03:09.704 | INFO     | preprocess:<module>:32 - Destination data loaded
2024-03-15 20:03:47.943 | INFO     | preprocess:<module>:21 - Flight data loaded
2024-03-15 20:03:48.001 | INFO     | preprocess:<module>:32 - Destination data loaded
2024-03-15 20:06:07.001 | INFO     | map:<module>:11 - Airports data loaded
2024-03-15 20:06:07.001 | INFO     | map:<module>:24 - Airports added to map
2024-03-15 20:06:07.025 | INFO     | map:<module>:39 - Map saved as map.html
2024-03-15 20:06:34.386 | INFO     | __main__:main:12 - Starting the application
2024-03-15 20:06:34.402 | INFO     | __main__:main:15 - Getting flights data
2024-03-15 20:06:34.775 | INFO     | flights:get_flights:46 - found 20 flights.
2024-03-15 20:06:35.216 | INFO     | flights:get_flights:53 - found 40 flights.
2024-03-15 20:06:35.620 | INFO     | flights:get_flights:53 - found 60 flights.
2024-03-15 20:06:36.058 | INFO     | flights:get_flights:53 - found 80 flights.
2024-03-15 20:06:36.460 | INFO     | flights:get_flights:53 - found 100 flights.
2024-03-15 20:06:36.910 | INFO     | flights:get_flights:53 - found 101 flights.
2024-03-15 20:06:36.914 | INFO     | flights:get_flights:60 - FlightList saved as flightList.json
2024-03-15 20:06:36.922 | INFO     | __main__:main:23 - Preprocessing data
2024-03-15 20:06:36.938 | INFO     | preprocess:preprocess_data:23 - Flight data loaded
2024-03-15 20:06:36.992 | INFO     | preprocess:preprocess_data:34 - Destination data loaded
2024-03-15 20:07:23.656 | INFO     | preprocess:preprocess_data:58 - Latitude data loaded
2024-03-15 20:08:10.741 | INFO     | preprocess:preprocess_data:62 - Longitude data loaded
2024-03-15 20:09:50.254 | INFO     | preprocess:preprocess_data:66 - South of Amsterdam data loaded
2024-03-15 20:09:50.266 | INFO     | preprocess:preprocess_data:75 - Distance to Schiphol data loaded
2024-03-15 20:09:50.266 | INFO     | preprocess:preprocess_data:91 - Preprocessing done
2024-03-15 20:09:50.297 | INFO     | preprocess:preprocess_data:95 - Data saved to CSV
2024-03-15 20:09:50.303 | INFO     | __main__:main:27 - Creating map
2024-03-15 20:09:50.309 | INFO     | map:create_map:13 - Airports data loaded
2024-03-15 20:09:50.318 | INFO     | map:create_map:26 - Airports added to map
2024-03-15 20:09:50.347 | INFO     | map:create_map:41 - Map saved as map.html
2024-03-15 20:09:50.348 | INFO     | __main__:main:30 - Application finished
2024-03-15 20:11:25.488 | INFO     | __main__:create_map:13 - Airports data loaded
2024-03-15 20:11:25.488 | INFO     | __main__:create_map:26 - Airports added to map
2024-03-15 20:11:25.518 | INFO     | __main__:create_map:42 - Map saved as map.html
2024-03-15 20:11:41.254 | INFO     | __main__:create_map:13 - Airports data loaded
2024-03-15 20:11:41.254 | INFO     | __main__:create_map:26 - Airports added to map
2024-03-15 20:11:41.291 | INFO     | __main__:create_map:41 - Map saved as map.html
2024-03-15 20:12:03.435 | INFO     | __main__:create_map:13 - Airports data loaded
2024-03-15 20:12:03.435 | INFO     | __main__:create_map:26 - Airports added to map
2024-03-15 20:12:03.456 | INFO     | __main__:create_map:41 - Map saved as map.html
2024-03-15 20:13:04.980 | INFO     | __main__:create_map:13 - Airports data loaded
2024-03-15 20:13:04.980 | INFO     | __main__:create_map:26 - Airports added to map
2024-03-15 20:13:05.001 | INFO     | __main__:create_map:41 - Map saved as map.html
2024-03-15 20:17:44.859 | INFO     | __main__:create_map:13 - Airports data loaded
2024-03-15 20:17:44.874 | INFO     | __main__:create_map:25 - Airports added to map
2024-03-15 20:17:44.909 | INFO     | __main__:create_map:41 - Map saved as map.html
2024-03-15 20:18:36.145 | INFO     | __main__:create_map:13 - Airports data loaded
2024-03-15 20:18:36.149 | INFO     | __main__:create_map:25 - Airports added to map
2024-03-15 20:18:36.162 | INFO     | __main__:create_map:41 - Map saved as map.html
